#-----------------------------------------------------------
# Vivado v2024.2 (64-bit)
# SW Build 5239630 on Fri Nov 08 22:35:27 MST 2024
# IP Build 5239520 on Sun Nov 10 16:12:51 MST 2024
# SharedData Build 5239561 on Fri Nov 08 14:39:27 MST 2024
# Start of session at: Sat Jun 14 22:26:53 2025
# Process ID         : 12440
# Current directory  : C:/Users/valen/OneDrive/Bureau/VHDL PROJET/ex7/EXO7
# Command line       : vivado.exe -gui_launcher_event rodinguilauncherevent5344 C:\Users\valen\OneDrive\Bureau\VHDL PROJET\ex7\EXO7\EXO7.xpr
# Log file           : C:/Users/valen/OneDrive/Bureau/VHDL PROJET/ex7/EXO7/vivado.log
# Journal file       : C:/Users/valen/OneDrive/Bureau/VHDL PROJET/ex7/EXO7\vivado.jou
# Running On         : LAPTOP-82VPUES0
# Platform           : Windows Server 2016 or Windows 10
# Operating System   : 22631
# Processor Detail   : AMD Ryzen 5 5600H with Radeon Graphics         
# CPU Frequency      : 3294 MHz
# CPU Physical cores : 6
# CPU Logical cores  : 12
# Host memory        : 16487 MB
# Swap memory        : 3489 MB
# Total Virtual      : 19977 MB
# Available Virtual  : 6799 MB
#-----------------------------------------------------------
start_gui
open_project {C:/Users/valen/OneDrive/Bureau/VHDL PROJET/ex7/EXO7/EXO7.xpr}
INFO: [Project 1-313] Project file moved from 'D:/ex7/EXO7' since last save.
INFO: [filemgmt 56-3] Default IP Output Path : Could not find the directory 'C:/Users/valen/OneDrive/Bureau/VHDL PROJET/ex7/EXO7/EXO7.gen/sources_1'.
Scanning sources...
Finished scanning sources
INFO: [IP_Flow 19-234] Refreshing IP repositories
INFO: [IP_Flow 19-1704] No user IP repositories specified
INFO: [IP_Flow 19-2313] Loaded Vivado IP repository 'D:/VHDL/Vivado/2024.2/data/ip'.
update_compile_order -fileset sources_1
WARNING: [filemgmt 56-199] Attempt to get parsing info during refresh. "On-the-fly" syntax checking information may be incorrect. [C:\Users\valen\OneDrive\Bureau\VHDL PROJET\ex7\div_25MHz.vhd:]
WARNING: [filemgmt 56-199] Attempt to get parsing info during refresh. "On-the-fly" syntax checking information may be incorrect. [C:\Users\valen\OneDrive\Bureau\VHDL PROJET\ex7\image.vhd:]
WARNING: [filemgmt 56-199] Attempt to get parsing info during refresh. "On-the-fly" syntax checking information may be incorrect. [C:\Users\valen\OneDrive\Bureau\VHDL PROJET\ex7\vga_controller_640_60.vhd:]
WARNING: [filemgmt 56-199] Attempt to get parsing info during refresh. "On-the-fly" syntax checking information may be incorrect. [C:\Users\valen\OneDrive\Bureau\VHDL PROJET\ex7\vga_controller_640_60.vhd:]
WARNING: [filemgmt 56-199] Attempt to get parsing info during refresh. "On-the-fly" syntax checking information may be incorrect. [C:\Users\valen\OneDrive\Bureau\VHDL PROJET\ex7\vga_controller_640_60.vhd:]
WARNING: [filemgmt 56-199] Attempt to get parsing info during refresh. "On-the-fly" syntax checking information may be incorrect. [C:\Users\valen\OneDrive\Bureau\VHDL PROJET\ex7\div_25MHz.vhd:]
WARNING: [filemgmt 56-199] Attempt to get parsing info during refresh. "On-the-fly" syntax checking information may be incorrect. [C:\Users\valen\OneDrive\Bureau\VHDL PROJET\ex7\image.vhd:]
WARNING: [filemgmt 56-199] Attempt to get parsing info during refresh. "On-the-fly" syntax checking information may be incorrect. [C:\Users\valen\OneDrive\Bureau\VHDL PROJET\ex7\vga_controller_640_60.vhd:]
WARNING: [filemgmt 56-199] Attempt to get parsing info during refresh. "On-the-fly" syntax checking information may be incorrect. [C:\Users\valen\OneDrive\Bureau\VHDL PROJET\ex7\image.vhd:]
WARNING: [filemgmt 56-199] Attempt to get parsing info during refresh. "On-the-fly" syntax checking information may be incorrect. [C:\Users\valen\OneDrive\Bureau\VHDL PROJET\ex7\image.vhd:]
exit
INFO: [Common 17-206] Exiting Vivado at Sat Jun 14 22:28:22 2025...
