#-----------------------------------------------------------
# Vivado v2024.2 (64-bit)
# SW Build 5239630 on Fri Nov 08 22:35:27 MST 2024
# IP Build 5239520 on Sun Nov 10 16:12:51 MST 2024
# SharedData Build 5239561 on Fri Nov 08 14:39:27 MST 2024
# Start of session at: Sat Jun 14 22:17:02 2025
# Process ID         : 13400
# Current directory  : C:/Users/valen/OneDrive/Bureau/VHDL PROJET/ex1/LED
# Command line       : vivado.exe -gui_launcher_event rodinguilauncherevent13700 C:\Users\valen\OneDrive\Bureau\VHDL PROJET\ex1\LED\LED.xpr
# Log file           : C:/Users/valen/OneDrive/Bureau/VHDL PROJET/ex1/LED/vivado.log
# Journal file       : C:/Users/valen/OneDrive/Bureau/VHDL PROJET/ex1/LED\vivado.jou
# Running On         : LAPTOP-82VPUES0
# Platform           : Windows Server 2016 or Windows 10
# Operating System   : 22631
# Processor Detail   : AMD Ryzen 5 5600H with Radeon Graphics         
# CPU Frequency      : 3294 MHz
# CPU Physical cores : 6
# CPU Logical cores  : 12
# Host memory        : 16487 MB
# Swap memory        : 3489 MB
# Total Virtual      : 19977 MB
# Available Virtual  : 6924 MB
#-----------------------------------------------------------
start_gui
open_project {C:/Users/valen/OneDrive/Bureau/VHDL PROJET/ex1/LED/LED.xpr}
INFO: [Project 1-313] Project file moved from 'D:/EXOS/LED' since last save.
INFO: [filemgmt 56-3] Default IP Output Path : Could not find the directory 'C:/Users/valen/OneDrive/Bureau/VHDL PROJET/ex1/LED/LED.gen/sources_1'.
Scanning sources...
Finished scanning sources
INFO: [IP_Flow 19-234] Refreshing IP repositories
INFO: [IP_Flow 19-1704] No user IP repositories specified
INFO: [IP_Flow 19-2313] Loaded Vivado IP repository 'D:/VHDL/Vivado/2024.2/data/ip'.
open_project: Time (s): cpu = 00:00:06 ; elapsed = 00:00:07 . Memory (MB): peak = 1242.781 ; gain = 146.941
update_compile_order -fileset sources_1
exit
INFO: [Common 17-206] Exiting Vivado at Sat Jun 14 22:18:13 2025...
